{"level":"info","message":"Server running in development mode on port 5000","timestamp":"2025-06-29T18:20:39.083Z"}
{"level":"info","message":"MongoDB Connected: localhost","timestamp":"2025-06-29T18:20:39.144Z"}
{"level":"info","message":"Server running in development mode on port 5000","timestamp":"2025-06-29T18:24:59.052Z"}
{"level":"info","message":"MongoDB Connected: localhost","timestamp":"2025-06-29T18:24:59.112Z"}
{"level":"info","message":"Server running in development mode on port 5000","timestamp":"2025-06-29T18:42:44.119Z"}
{"level":"info","message":"MongoDB Connected: localhost","timestamp":"2025-06-29T18:42:44.144Z"}
{"level":"info","message":"Server running in development mode on port 5000","timestamp":"2025-06-29T18:43:04.114Z"}
{"level":"info","message":"MongoDB Connected: localhost","timestamp":"2025-06-29T18:43:04.156Z"}
{"level":"info","message":"Server running in development mode on port 5000","timestamp":"2025-06-29T18:43:17.073Z"}
{"level":"info","message":"MongoDB Connected: localhost","timestamp":"2025-06-29T18:43:17.113Z"}
{"level":"info","message":"Server running in development mode on port 5000","timestamp":"2025-06-30T05:41:57.146Z"}
{"level":"info","message":"MongoDB Connected: localhost","timestamp":"2025-06-30T05:41:57.184Z"}
{"level":"info","message":"Server running in development mode on port 5000","timestamp":"2025-06-30T05:43:13.166Z"}
{"level":"info","message":"MongoDB Connected: localhost","timestamp":"2025-06-30T05:43:13.192Z"}
{"level":"info","message":"Server running in development mode on port 5000","timestamp":"2025-06-30T05:52:39.220Z"}
{"level":"info","message":"MongoDB Connected: localhost","timestamp":"2025-06-30T05:52:39.274Z"}
{"level":"info","message":"Server running in development mode on port 5000","timestamp":"2025-06-30T06:01:44.322Z"}
{"level":"info","message":"MongoDB Connected: localhost","timestamp":"2025-06-30T06:01:44.374Z"}
{"level":"error","message":"Error: Not Found - /api/auth/login\n    at notFoundHandler (file:///C:/Users/admin/Downloads/i%20want%20to%20develop%20the/farmerapp_backend/src/middleware/errorHandler.js:15:17)\n    at Layer.handle [as handle_request] (C:\\Users\\admin\\Downloads\\i want to develop the\\farmerapp_backend\\node_modules\\express\\lib\\router\\layer.js:95:5)\n    at trim_prefix (C:\\Users\\admin\\Downloads\\i want to develop the\\farmerapp_backend\\node_modules\\express\\lib\\router\\index.js:328:13)\n    at C:\\Users\\admin\\Downloads\\i want to develop the\\farmerapp_backend\\node_modules\\express\\lib\\router\\index.js:286:9\n    at Function.process_params (C:\\Users\\admin\\Downloads\\i want to develop the\\farmerapp_backend\\node_modules\\express\\lib\\router\\index.js:346:12)\n    at next (C:\\Users\\admin\\Downloads\\i want to develop the\\farmerapp_backend\\node_modules\\express\\lib\\router\\index.js:280:10)\n    at C:\\Users\\admin\\Downloads\\i want to develop the\\farmerapp_backend\\node_modules\\express\\lib\\router\\index.js:646:15\n    at next (C:\\Users\\admin\\Downloads\\i want to develop the\\farmerapp_backend\\node_modules\\express\\lib\\router\\index.js:265:14)\n    at Function.handle (C:\\Users\\admin\\Downloads\\i want to develop the\\farmerapp_backend\\node_modules\\express\\lib\\router\\index.js:175:3)\n    at router (C:\\Users\\admin\\Downloads\\i want to develop the\\farmerapp_backend\\node_modules\\express\\lib\\router\\index.js:47:12)","timestamp":"2025-06-30T06:04:55.016Z"}
{"level":"error","message":"jwt must be provided","name":"JsonWebTokenError","stack":"JsonWebTokenError: jwt must be provided\n    at module.exports [as verify] (C:\\Users\\admin\\Downloads\\i want to develop the\\farmerapp_backend\\node_modules\\jsonwebtoken\\verify.js:60:17)\n    at authenticateJWT (file:///C:/Users/admin/Downloads/i%20want%20to%20develop%20the/farmerapp_backend/src/middleware/authentication.js:10:9)\n    at Layer.handle [as handle_request] (C:\\Users\\admin\\Downloads\\i want to develop the\\farmerapp_backend\\node_modules\\express\\lib\\router\\layer.js:95:5)\n    at next (C:\\Users\\admin\\Downloads\\i want to develop the\\farmerapp_backend\\node_modules\\express\\lib\\router\\route.js:149:13)\n    at Route.dispatch (C:\\Users\\admin\\Downloads\\i want to develop the\\farmerapp_backend\\node_modules\\express\\lib\\router\\route.js:119:3)\n    at Layer.handle [as handle_request] (C:\\Users\\admin\\Downloads\\i want to develop the\\farmerapp_backend\\node_modules\\express\\lib\\router\\layer.js:95:5)\n    at C:\\Users\\admin\\Downloads\\i want to develop the\\farmerapp_backend\\node_modules\\express\\lib\\router\\index.js:284:15\n    at Function.process_params (C:\\Users\\admin\\Downloads\\i want to develop the\\farmerapp_backend\\node_modules\\express\\lib\\router\\index.js:346:12)\n    at next (C:\\Users\\admin\\Downloads\\i want to develop the\\farmerapp_backend\\node_modules\\express\\lib\\router\\index.js:280:10)\n    at Function.handle (C:\\Users\\admin\\Downloads\\i want to develop the\\farmerapp_backend\\node_modules\\express\\lib\\router\\index.js:175:3)","timestamp":"2025-06-30T06:06:07.389Z"}
{"level":"info","message":"Server running in development mode on port 5000","timestamp":"2025-06-30T06:10:34.787Z"}
{"level":"info","message":"MongoDB Connected: localhost","timestamp":"2025-06-30T06:10:34.836Z"}
{"level":"error","message":"invalid signature","name":"JsonWebTokenError","stack":"JsonWebTokenError: invalid signature\n    at C:\\Users\\admin\\Downloads\\i want to develop the\\farmerapp_backend\\node_modules\\jsonwebtoken\\verify.js:171:19\n    at getSecret (C:\\Users\\admin\\Downloads\\i want to develop the\\farmerapp_backend\\node_modules\\jsonwebtoken\\verify.js:97:14)\n    at module.exports [as verify] (C:\\Users\\admin\\Downloads\\i want to develop the\\farmerapp_backend\\node_modules\\jsonwebtoken\\verify.js:101:10)\n    at authenticateJWT (file:///C:/Users/admin/Downloads/i%20want%20to%20develop%20the/farmerapp_backend/src/middleware/authentication.js:10:9)\n    at Layer.handle [as handle_request] (C:\\Users\\admin\\Downloads\\i want to develop the\\farmerapp_backend\\node_modules\\express\\lib\\router\\layer.js:95:5)\n    at next (C:\\Users\\admin\\Downloads\\i want to develop the\\farmerapp_backend\\node_modules\\express\\lib\\router\\route.js:149:13)\n    at Route.dispatch (C:\\Users\\admin\\Downloads\\i want to develop the\\farmerapp_backend\\node_modules\\express\\lib\\router\\route.js:119:3)\n    at Layer.handle [as handle_request] (C:\\Users\\admin\\Downloads\\i want to develop the\\farmerapp_backend\\node_modules\\express\\lib\\router\\layer.js:95:5)\n    at C:\\Users\\admin\\Downloads\\i want to develop the\\farmerapp_backend\\node_modules\\express\\lib\\router\\index.js:284:15\n    at Function.process_params (C:\\Users\\admin\\Downloads\\i want to develop the\\farmerapp_backend\\node_modules\\express\\lib\\router\\index.js:346:12)","timestamp":"2025-06-30T06:10:38.527Z"}
{"level":"error","message":"Error: Not Found - /api/auth/login\n    at notFoundHandler (file:///C:/Users/admin/Downloads/i%20want%20to%20develop%20the/farmerapp_backend/src/middleware/errorHandler.js:15:17)\n    at Layer.handle [as handle_request] (C:\\Users\\admin\\Downloads\\i want to develop the\\farmerapp_backend\\node_modules\\express\\lib\\router\\layer.js:95:5)\n    at trim_prefix (C:\\Users\\admin\\Downloads\\i want to develop the\\farmerapp_backend\\node_modules\\express\\lib\\router\\index.js:328:13)\n    at C:\\Users\\admin\\Downloads\\i want to develop the\\farmerapp_backend\\node_modules\\express\\lib\\router\\index.js:286:9\n    at Function.process_params (C:\\Users\\admin\\Downloads\\i want to develop the\\farmerapp_backend\\node_modules\\express\\lib\\router\\index.js:346:12)\n    at next (C:\\Users\\admin\\Downloads\\i want to develop the\\farmerapp_backend\\node_modules\\express\\lib\\router\\index.js:280:10)\n    at C:\\Users\\admin\\Downloads\\i want to develop the\\farmerapp_backend\\node_modules\\express\\lib\\router\\index.js:646:15\n    at next (C:\\Users\\admin\\Downloads\\i want to develop the\\farmerapp_backend\\node_modules\\express\\lib\\router\\index.js:265:14)\n    at Function.handle (C:\\Users\\admin\\Downloads\\i want to develop the\\farmerapp_backend\\node_modules\\express\\lib\\router\\index.js:175:3)\n    at router (C:\\Users\\admin\\Downloads\\i want to develop the\\farmerapp_backend\\node_modules\\express\\lib\\router\\index.js:47:12)","timestamp":"2025-06-30T06:11:59.907Z"}
{"level":"error","message":"Error: Not Found - /api/auth/profile\n    at notFoundHandler (file:///C:/Users/admin/Downloads/i%20want%20to%20develop%20the/farmerapp_backend/src/middleware/errorHandler.js:15:17)\n    at Layer.handle [as handle_request] (C:\\Users\\admin\\Downloads\\i want to develop the\\farmerapp_backend\\node_modules\\express\\lib\\router\\layer.js:95:5)\n    at trim_prefix (C:\\Users\\admin\\Downloads\\i want to develop the\\farmerapp_backend\\node_modules\\express\\lib\\router\\index.js:328:13)\n    at C:\\Users\\admin\\Downloads\\i want to develop the\\farmerapp_backend\\node_modules\\express\\lib\\router\\index.js:286:9\n    at Function.process_params (C:\\Users\\admin\\Downloads\\i want to develop the\\farmerapp_backend\\node_modules\\express\\lib\\router\\index.js:346:12)\n    at next (C:\\Users\\admin\\Downloads\\i want to develop the\\farmerapp_backend\\node_modules\\express\\lib\\router\\index.js:280:10)\n    at C:\\Users\\admin\\Downloads\\i want to develop the\\farmerapp_backend\\node_modules\\express\\lib\\router\\index.js:646:15\n    at next (C:\\Users\\admin\\Downloads\\i want to develop the\\farmerapp_backend\\node_modules\\express\\lib\\router\\index.js:265:14)\n    at Function.handle (C:\\Users\\admin\\Downloads\\i want to develop the\\farmerapp_backend\\node_modules\\express\\lib\\router\\index.js:175:3)\n    at router (C:\\Users\\admin\\Downloads\\i want to develop the\\farmerapp_backend\\node_modules\\express\\lib\\router\\index.js:47:12)","timestamp":"2025-06-30T06:13:58.087Z"}
{"level":"info","message":"Server running in development mode on port 5000","timestamp":"2025-06-30T06:16:04.662Z"}
{"level":"info","message":"MongoDB Connected: localhost","timestamp":"2025-06-30T06:16:04.702Z"}
{"level":"info","message":"Server running in development mode on port 5000","timestamp":"2025-06-30T06:16:26.304Z"}
{"level":"info","message":"MongoDB Connected: localhost","timestamp":"2025-06-30T06:16:26.337Z"}
{"level":"info","message":"Server running in development mode on port 5000","timestamp":"2025-06-30T06:17:23.139Z"}
{"level":"info","message":"MongoDB Connected: localhost","timestamp":"2025-06-30T06:17:23.188Z"}
{"level":"info","message":"Server running in development mode on port 5000","timestamp":"2025-06-30T06:18:51.570Z"}
{"level":"info","message":"MongoDB Connected: localhost","timestamp":"2025-06-30T06:18:51.609Z"}
{"level":"info","message":"Server running in development mode on port 5000","timestamp":"2025-06-30T06:35:16.057Z"}
{"level":"info","message":"MongoDB Connected: localhost","timestamp":"2025-06-30T06:35:16.089Z"}
{"level":"info","message":"Server running in development mode on port 5000","timestamp":"2025-06-30T07:15:01.937Z"}
{"level":"info","message":"MongoDB Connected: ac-b92brq6-shard-00-01.mvwhevv.mongodb.net","timestamp":"2025-06-30T07:15:02.219Z"}
{"level":"info","message":"Server running in development mode on port 5000","timestamp":"2025-06-30T07:21:25.372Z"}
{"level":"info","message":"MongoDB Connected: ac-b92brq6-shard-00-01.mvwhevv.mongodb.net","timestamp":"2025-06-30T07:21:25.647Z"}
{"level":"info","message":"Server running in development mode on port 5000","timestamp":"2025-06-30T07:42:06.599Z"}
{"level":"info","message":"MongoDB Connected: ac-b92brq6-shard-00-01.mvwhevv.mongodb.net","timestamp":"2025-06-30T07:42:06.921Z"}
<<<<<<< HEAD
{"level":"info","message":"Server running in development mode on port 1000","timestamp":"2025-06-30T09:05:13.500Z"}
{"level":"info","message":"MongoDB Connected: ac-b92brq6-shard-00-02.mvwhevv.mongodb.net","timestamp":"2025-06-30T09:05:13.768Z"}
{"level":"info","message":"Server running in development mode on port 1000","timestamp":"2025-06-30T09:05:32.295Z"}
{"level":"info","message":"MongoDB Connected: ac-b92brq6-shard-00-00.mvwhevv.mongodb.net","timestamp":"2025-06-30T09:05:32.532Z"}
{"level":"info","message":"Server running in development mode on port 1000","timestamp":"2025-06-30T09:06:35.572Z"}
{"level":"info","message":"MongoDB Connected: ac-b92brq6-shard-00-00.mvwhevv.mongodb.net","timestamp":"2025-06-30T09:06:35.835Z"}
{"level":"info","message":"Server running in development mode on port 1000","timestamp":"2025-06-30T09:06:43.448Z"}
{"level":"info","message":"MongoDB Connected: ac-b92brq6-shard-00-02.mvwhevv.mongodb.net","timestamp":"2025-06-30T09:06:43.707Z"}
{"level":"info","message":"Server running in development mode on port 1000","timestamp":"2025-06-30T09:07:04.599Z"}
{"level":"info","message":"MongoDB Connected: ac-b92brq6-shard-00-02.mvwhevv.mongodb.net","timestamp":"2025-06-30T09:07:04.885Z"}
{"level":"info","message":"Server running in development mode on port 1000","timestamp":"2025-06-30T09:07:37.438Z"}
{"level":"info","message":"MongoDB Connected: ac-b92brq6-shard-00-02.mvwhevv.mongodb.net","timestamp":"2025-06-30T09:07:37.701Z"}
{"level":"info","message":"Server running in development mode on port 1000","timestamp":"2025-06-30T09:07:47.849Z"}
{"level":"info","message":"MongoDB Connected: ac-b92brq6-shard-00-00.mvwhevv.mongodb.net","timestamp":"2025-06-30T09:07:48.083Z"}
{"level":"info","message":"Server running in development mode on port 1000","timestamp":"2025-06-30T09:09:00.809Z"}
{"level":"info","message":"MongoDB Connected: ac-b92brq6-shard-00-00.mvwhevv.mongodb.net","timestamp":"2025-06-30T09:09:01.091Z"}
{"level":"error","message":"ValidationError: Demo validation failed: preferences: Path `preferences` is required., isSubscribed: Path `isSubscribed` is required., address: Path `address` is required., role: Path `role` is required., gender: Path `gender` is required., age: Path `age` is required., fullName: Path `fullName` is required., password: Path `password` is required., email: Path `email` is required., name: Path `name` is required.\n    at Document.invalidate (J:\\New-Smart-Farmer\\SmartFarmer-Backend\\node_modules\\mongoose\\lib\\document.js:3352:32)\n    at J:\\New-Smart-Farmer\\SmartFarmer-Backend\\node_modules\\mongoose\\lib\\document.js:3113:17\n    at J:\\New-Smart-Farmer\\SmartFarmer-Backend\\node_modules\\mongoose\\lib\\schema\\subdocument.js:269:14\n    at J:\\New-Smart-Farmer\\SmartFarmer-Backend\\node_modules\\mongoose\\lib\\schemaType.js:1407:9\n    at process.processTicksAndRejections (node:internal/process/task_queues:85:11)","timestamp":"2025-06-30T09:09:20.338Z"}
{"level":"info","message":"Server running in development mode on port 1000","timestamp":"2025-06-30T09:11:09.899Z"}
{"level":"info","message":"MongoDB Connected: ac-b92brq6-shard-00-02.mvwhevv.mongodb.net","timestamp":"2025-06-30T09:11:10.162Z"}
{"level":"error","message":"ReferenceError: generateToken is not defined\n    at demoRegister (file:///J:/New-Smart-Farmer/SmartFarmer-Backend/src/controllers/demoController.js:16:23)\n    at process.processTicksAndRejections (node:internal/process/task_queues:105:5)","timestamp":"2025-06-30T09:11:14.913Z"}
{"level":"info","message":"Server running in development mode on port 1000","timestamp":"2025-06-30T09:11:24.584Z"}
{"level":"info","message":"MongoDB Connected: ac-b92brq6-shard-00-00.mvwhevv.mongodb.net","timestamp":"2025-06-30T09:11:24.817Z"}
{"level":"info","message":"Server running in development mode on port 1000","timestamp":"2025-06-30T09:11:54.513Z"}
{"level":"info","message":"MongoDB Connected: ac-b92brq6-shard-00-00.mvwhevv.mongodb.net","timestamp":"2025-06-30T09:11:54.786Z"}
{"level":"info","message":"Server running in development mode on port 1000","timestamp":"2025-06-30T09:28:14.416Z"}
{"level":"info","message":"MongoDB Connected: ac-b92brq6-shard-00-02.mvwhevv.mongodb.net","timestamp":"2025-06-30T09:28:14.927Z"}
{"level":"info","message":"Server running in development mode on port 1000","timestamp":"2025-06-30T09:28:49.782Z"}
{"level":"info","message":"MongoDB Connected: ac-b92brq6-shard-00-00.mvwhevv.mongodb.net","timestamp":"2025-06-30T09:28:50.448Z"}
{"level":"info","message":"Server running in development mode on port 1000","timestamp":"2025-06-30T09:28:56.542Z"}
{"level":"info","message":"MongoDB Connected: ac-b92brq6-shard-00-01.mvwhevv.mongodb.net","timestamp":"2025-06-30T09:28:56.841Z"}
{"level":"error","message":"Error: Not Found - /\n    at notFoundHandler (file:///J:/New-Smart-Farmer/SmartFarmer-Backend/src/middleware/errorHandler.js:15:17)\n    at Layer.handle [as handle_request] (J:\\New-Smart-Farmer\\SmartFarmer-Backend\\node_modules\\express\\lib\\router\\layer.js:95:5)\n    at trim_prefix (J:\\New-Smart-Farmer\\SmartFarmer-Backend\\node_modules\\express\\lib\\router\\index.js:328:13)\n    at J:\\New-Smart-Farmer\\SmartFarmer-Backend\\node_modules\\express\\lib\\router\\index.js:286:9\n    at Function.process_params (J:\\New-Smart-Farmer\\SmartFarmer-Backend\\node_modules\\express\\lib\\router\\index.js:346:12)\n    at next (J:\\New-Smart-Farmer\\SmartFarmer-Backend\\node_modules\\express\\lib\\router\\index.js:280:10)\n    at file:///J:/New-Smart-Farmer/SmartFarmer-Backend/node_modules/express-rate-limit/dist/index.mjs:779:7\n    at process.processTicksAndRejections (node:internal/process/task_queues:105:5)\n    at async file:///J:/New-Smart-Farmer/SmartFarmer-Backend/node_modules/express-rate-limit/dist/index.mjs:663:5","timestamp":"2025-06-30T09:29:32.331Z"}
{"level":"info","message":"Server running in development mode on port 1000","timestamp":"2025-06-30T09:30:05.044Z"}
{"level":"info","message":"MongoDB Connected: ac-b92brq6-shard-00-00.mvwhevv.mongodb.net","timestamp":"2025-06-30T09:30:05.333Z"}
{"level":"info","message":"Server running in development mode on port 1000","timestamp":"2025-06-30T09:30:17.438Z"}
{"level":"info","message":"MongoDB Connected: ac-b92brq6-shard-00-02.mvwhevv.mongodb.net","timestamp":"2025-06-30T09:30:17.832Z"}
{"level":"error","message":"Error: Not Found - /api/auth/demo\n    at notFoundHandler (file:///J:/New-Smart-Farmer/SmartFarmer-Backend/src/middleware/errorHandler.js:15:17)\n    at Layer.handle [as handle_request] (J:\\New-Smart-Farmer\\SmartFarmer-Backend\\node_modules\\express\\lib\\router\\layer.js:95:5)\n    at trim_prefix (J:\\New-Smart-Farmer\\SmartFarmer-Backend\\node_modules\\express\\lib\\router\\index.js:328:13)\n    at J:\\New-Smart-Farmer\\SmartFarmer-Backend\\node_modules\\express\\lib\\router\\index.js:286:9\n    at Function.process_params (J:\\New-Smart-Farmer\\SmartFarmer-Backend\\node_modules\\express\\lib\\router\\index.js:346:12)\n    at next (J:\\New-Smart-Farmer\\SmartFarmer-Backend\\node_modules\\express\\lib\\router\\index.js:280:10)\n    at J:\\New-Smart-Farmer\\SmartFarmer-Backend\\node_modules\\express\\lib\\router\\index.js:646:15\n    at next (J:\\New-Smart-Farmer\\SmartFarmer-Backend\\node_modules\\express\\lib\\router\\index.js:265:14)\n    at Function.handle (J:\\New-Smart-Farmer\\SmartFarmer-Backend\\node_modules\\express\\lib\\router\\index.js:175:3)\n    at router (J:\\New-Smart-Farmer\\SmartFarmer-Backend\\node_modules\\express\\lib\\router\\index.js:47:12)","timestamp":"2025-06-30T09:30:58.978Z"}
{"level":"info","message":"Server running in development mode on port 1000","timestamp":"2025-06-30T09:32:31.820Z"}
{"level":"info","message":"MongoDB Connected: ac-b92brq6-shard-00-01.mvwhevv.mongodb.net","timestamp":"2025-06-30T09:32:32.249Z"}
{"level":"info","message":"Server running in development mode on port 1000","timestamp":"2025-06-30T09:34:24.035Z"}
{"level":"info","message":"MongoDB Connected: ac-b92brq6-shard-00-01.mvwhevv.mongodb.net","timestamp":"2025-06-30T09:34:24.362Z"}
{"level":"info","message":"Server running in development mode on port 1000","timestamp":"2025-06-30T09:35:29.438Z"}
{"level":"info","message":"MongoDB Connected: ac-b92brq6-shard-00-01.mvwhevv.mongodb.net","timestamp":"2025-06-30T09:35:29.759Z"}
{"level":"info","message":"Server running in development mode on port 1000","timestamp":"2025-06-30T09:35:34.461Z"}
{"level":"info","message":"MongoDB Connected: ac-b92brq6-shard-00-00.mvwhevv.mongodb.net","timestamp":"2025-06-30T09:35:34.858Z"}
{"level":"info","message":"Server running in development mode on port 1000","timestamp":"2025-06-30T09:40:16.157Z"}
{"level":"info","message":"MongoDB Connected: ac-b92brq6-shard-00-02.mvwhevv.mongodb.net","timestamp":"2025-06-30T09:40:17.699Z"}
{"level":"error","message":"Get demo error Cannot read properties of undefined (reading 'id')","stack":"TypeError: Cannot read properties of undefined (reading 'id')\n    at demoGet (file:///J:/New-Smart-Farmer/SmartFarmer-Backend/src/controllers/demoController.js:40:51)\n    at Layer.handle [as handle_request] (J:\\New-Smart-Farmer\\SmartFarmer-Backend\\node_modules\\express\\lib\\router\\layer.js:95:5)\n    at next (J:\\New-Smart-Farmer\\SmartFarmer-Backend\\node_modules\\express\\lib\\router\\route.js:149:13)\n    at file:///J:/New-Smart-Farmer/SmartFarmer-Backend/src/middleware/authentication.js:20:7\n    at J:\\New-Smart-Farmer\\SmartFarmer-Backend\\node_modules\\jsonwebtoken\\verify.js:261:12\n    at getSecret (J:\\New-Smart-Farmer\\SmartFarmer-Backend\\node_modules\\jsonwebtoken\\verify.js:97:14)\n    at module.exports [as verify] (J:\\New-Smart-Farmer\\SmartFarmer-Backend\\node_modules\\jsonwebtoken\\verify.js:101:10)\n    at authenticateJWT (file:///J:/New-Smart-Farmer/SmartFarmer-Backend/src/middleware/authentication.js:10:9)\n    at Layer.handle [as handle_request] (J:\\New-Smart-Farmer\\SmartFarmer-Backend\\node_modules\\express\\lib\\router\\layer.js:95:5)\n    at next (J:\\New-Smart-Farmer\\SmartFarmer-Backend\\node_modules\\express\\lib\\router\\route.js:149:13)","timestamp":"2025-06-30T09:40:18.013Z"}
{"level":"error","message":"TypeError: Cannot read properties of undefined (reading 'id')\n    at demoGet (file:///J:/New-Smart-Farmer/SmartFarmer-Backend/src/controllers/demoController.js:40:51)\n    at Layer.handle [as handle_request] (J:\\New-Smart-Farmer\\SmartFarmer-Backend\\node_modules\\express\\lib\\router\\layer.js:95:5)\n    at next (J:\\New-Smart-Farmer\\SmartFarmer-Backend\\node_modules\\express\\lib\\router\\route.js:149:13)\n    at file:///J:/New-Smart-Farmer/SmartFarmer-Backend/src/middleware/authentication.js:20:7\n    at J:\\New-Smart-Farmer\\SmartFarmer-Backend\\node_modules\\jsonwebtoken\\verify.js:261:12\n    at getSecret (J:\\New-Smart-Farmer\\SmartFarmer-Backend\\node_modules\\jsonwebtoken\\verify.js:97:14)\n    at module.exports [as verify] (J:\\New-Smart-Farmer\\SmartFarmer-Backend\\node_modules\\jsonwebtoken\\verify.js:101:10)\n    at authenticateJWT (file:///J:/New-Smart-Farmer/SmartFarmer-Backend/src/middleware/authentication.js:10:9)\n    at Layer.handle [as handle_request] (J:\\New-Smart-Farmer\\SmartFarmer-Backend\\node_modules\\express\\lib\\router\\layer.js:95:5)\n    at next (J:\\New-Smart-Farmer\\SmartFarmer-Backend\\node_modules\\express\\lib\\router\\route.js:149:13)","timestamp":"2025-06-30T09:40:18.022Z"}
{"level":"info","message":"Server running in development mode on port 1000","timestamp":"2025-06-30T09:41:15.241Z"}
{"level":"info","message":"MongoDB Connected: ac-b92brq6-shard-00-01.mvwhevv.mongodb.net","timestamp":"2025-06-30T09:41:15.579Z"}
{"level":"error","message":"Get demo error Cannot read properties of undefined (reading '_id')","stack":"TypeError: Cannot read properties of undefined (reading '_id')\n    at demoGet (file:///J:/New-Smart-Farmer/SmartFarmer-Backend/src/controllers/demoController.js:40:51)\n    at Layer.handle [as handle_request] (J:\\New-Smart-Farmer\\SmartFarmer-Backend\\node_modules\\express\\lib\\router\\layer.js:95:5)\n    at next (J:\\New-Smart-Farmer\\SmartFarmer-Backend\\node_modules\\express\\lib\\router\\route.js:149:13)\n    at file:///J:/New-Smart-Farmer/SmartFarmer-Backend/src/middleware/authentication.js:20:7\n    at J:\\New-Smart-Farmer\\SmartFarmer-Backend\\node_modules\\jsonwebtoken\\verify.js:261:12\n    at getSecret (J:\\New-Smart-Farmer\\SmartFarmer-Backend\\node_modules\\jsonwebtoken\\verify.js:97:14)\n    at module.exports [as verify] (J:\\New-Smart-Farmer\\SmartFarmer-Backend\\node_modules\\jsonwebtoken\\verify.js:101:10)\n    at authenticateJWT (file:///J:/New-Smart-Farmer/SmartFarmer-Backend/src/middleware/authentication.js:10:9)\n    at Layer.handle [as handle_request] (J:\\New-Smart-Farmer\\SmartFarmer-Backend\\node_modules\\express\\lib\\router\\layer.js:95:5)\n    at next (J:\\New-Smart-Farmer\\SmartFarmer-Backend\\node_modules\\express\\lib\\router\\route.js:149:13)","timestamp":"2025-06-30T09:41:19.313Z"}
{"level":"error","message":"TypeError: Cannot read properties of undefined (reading '_id')\n    at demoGet (file:///J:/New-Smart-Farmer/SmartFarmer-Backend/src/controllers/demoController.js:40:51)\n    at Layer.handle [as handle_request] (J:\\New-Smart-Farmer\\SmartFarmer-Backend\\node_modules\\express\\lib\\router\\layer.js:95:5)\n    at next (J:\\New-Smart-Farmer\\SmartFarmer-Backend\\node_modules\\express\\lib\\router\\route.js:149:13)\n    at file:///J:/New-Smart-Farmer/SmartFarmer-Backend/src/middleware/authentication.js:20:7\n    at J:\\New-Smart-Farmer\\SmartFarmer-Backend\\node_modules\\jsonwebtoken\\verify.js:261:12\n    at getSecret (J:\\New-Smart-Farmer\\SmartFarmer-Backend\\node_modules\\jsonwebtoken\\verify.js:97:14)\n    at module.exports [as verify] (J:\\New-Smart-Farmer\\SmartFarmer-Backend\\node_modules\\jsonwebtoken\\verify.js:101:10)\n    at authenticateJWT (file:///J:/New-Smart-Farmer/SmartFarmer-Backend/src/middleware/authentication.js:10:9)\n    at Layer.handle [as handle_request] (J:\\New-Smart-Farmer\\SmartFarmer-Backend\\node_modules\\express\\lib\\router\\layer.js:95:5)\n    at next (J:\\New-Smart-Farmer\\SmartFarmer-Backend\\node_modules\\express\\lib\\router\\route.js:149:13)","timestamp":"2025-06-30T09:41:19.319Z"}
{"level":"info","message":"Server running in development mode on port 1000","timestamp":"2025-06-30T09:42:57.647Z"}
{"level":"info","message":"MongoDB Connected: ac-b92brq6-shard-00-01.mvwhevv.mongodb.net","timestamp":"2025-06-30T09:42:57.981Z"}
{"level":"info","message":"Server running in development mode on port 1000","timestamp":"2025-06-30T09:46:23.018Z"}
{"level":"info","message":"MongoDB Connected: ac-b92brq6-shard-00-01.mvwhevv.mongodb.net","timestamp":"2025-06-30T09:46:23.300Z"}
{"level":"info","message":"Server running in development mode on port 1000","timestamp":"2025-06-30T09:50:22.189Z"}
{"level":"info","message":"MongoDB Connected: ac-b92brq6-shard-00-00.mvwhevv.mongodb.net","timestamp":"2025-06-30T09:50:22.515Z"}
{"level":"error","message":"Demo.findByIdandUpdate is not a function","stack":"TypeError: Demo.findByIdandUpdate is not a function\n    at demoUpdate (file:///J:/New-Smart-Farmer/SmartFarmer-Backend/src/controllers/demoController.js:70:35)\n    at process.processTicksAndRejections (node:internal/process/task_queues:105:5)","timestamp":"2025-06-30T09:51:04.879Z"}
{"level":"info","message":"Server running in development mode on port 1000","timestamp":"2025-06-30T09:51:30.346Z"}
{"level":"info","message":"MongoDB Connected: ac-b92brq6-shard-00-00.mvwhevv.mongodb.net","timestamp":"2025-06-30T09:51:30.714Z"}
{"level":"error","message":"Demo.findByIdandUpdate is not a function","stack":"TypeError: Demo.findByIdandUpdate is not a function\n    at demoUpdate (file:///J:/New-Smart-Farmer/SmartFarmer-Backend/src/controllers/demoController.js:70:35)\n    at process.processTicksAndRejections (node:internal/process/task_queues:105:5)","timestamp":"2025-06-30T09:51:32.563Z"}
{"level":"info","message":"Server running in development mode on port 1000","timestamp":"2025-06-30T09:52:32.369Z"}
{"level":"info","message":"MongoDB Connected: ac-b92brq6-shard-00-02.mvwhevv.mongodb.net","timestamp":"2025-06-30T09:52:32.670Z"}
{"level":"error","message":"Demo.findByIdandUpdate is not a function","stack":"TypeError: Demo.findByIdandUpdate is not a function\n    at demoUpdate (file:///J:/New-Smart-Farmer/SmartFarmer-Backend/src/controllers/demoController.js:70:35)\n    at process.processTicksAndRejections (node:internal/process/task_queues:105:5)","timestamp":"2025-06-30T09:52:33.710Z"}
{"level":"error","message":"TypeError: Demo.findByIdandUpdate is not a function\n    at demoUpdate (file:///J:/New-Smart-Farmer/SmartFarmer-Backend/src/controllers/demoController.js:70:35)\n    at process.processTicksAndRejections (node:internal/process/task_queues:105:5)","timestamp":"2025-06-30T09:52:33.713Z"}
{"level":"info","message":"Server running in development mode on port 1000","timestamp":"2025-06-30T09:52:43.700Z"}
{"level":"info","message":"MongoDB Connected: ac-b92brq6-shard-00-02.mvwhevv.mongodb.net","timestamp":"2025-06-30T09:52:44.028Z"}
{"level":"info","message":"Server running in development mode on port 1000","timestamp":"2025-06-30T10:03:23.617Z"}
{"level":"info","message":"MongoDB Connected: ac-b92brq6-shard-00-01.mvwhevv.mongodb.net","timestamp":"2025-06-30T10:03:23.949Z"}
{"level":"info","message":"Server running in development mode on port 1000","timestamp":"2025-06-30T10:03:58.003Z"}
{"level":"info","message":"MongoDB Connected: ac-b92brq6-shard-00-02.mvwhevv.mongodb.net","timestamp":"2025-06-30T10:03:58.310Z"}
{"level":"info","message":"Server running in development mode on port 1000","timestamp":"2025-06-30T10:04:23.844Z"}
{"level":"info","message":"MongoDB Connected: ac-b92brq6-shard-00-00.mvwhevv.mongodb.net","timestamp":"2025-06-30T10:04:24.340Z"}
{"level":"info","message":"Server running in development mode on port 1000","timestamp":"2025-06-30T10:04:49.672Z"}
{"level":"info","message":"MongoDB Connected: ac-b92brq6-shard-00-02.mvwhevv.mongodb.net","timestamp":"2025-06-30T10:04:50.050Z"}
{"level":"info","message":"Server running in development mode on port 1000","timestamp":"2025-06-30T10:04:59.892Z"}
{"level":"info","message":"MongoDB Connected: ac-b92brq6-shard-00-02.mvwhevv.mongodb.net","timestamp":"2025-06-30T10:05:00.229Z"}
{"level":"info","message":"Server running in development mode on port 1000","timestamp":"2025-06-30T10:26:21.705Z"}
{"level":"info","message":"MongoDB Connected: ac-b92brq6-shard-00-00.mvwhevv.mongodb.net","timestamp":"2025-06-30T10:26:22.043Z"}
{"level":"info","message":"Server running in development mode on port 1000","timestamp":"2025-06-30T10:26:59.099Z"}
{"level":"info","message":"MongoDB Connected: ac-b92brq6-shard-00-01.mvwhevv.mongodb.net","timestamp":"2025-06-30T10:26:59.397Z"}
{"level":"info","message":"Server running in development mode on port 1000","timestamp":"2025-06-30T10:27:01.848Z"}
{"level":"info","message":"MongoDB Connected: ac-b92brq6-shard-00-00.mvwhevv.mongodb.net","timestamp":"2025-06-30T10:27:02.422Z"}
=======
{"level":"info","message":"Server running in development mode on port 5000","timestamp":"2025-06-30T07:56:01.155Z"}
{"level":"info","message":"MongoDB Connected: ac-b92brq6-shard-00-01.mvwhevv.mongodb.net","timestamp":"2025-06-30T07:56:03.206Z"}
{"level":"info","message":"Server running in development mode on port 5000","timestamp":"2025-06-30T08:01:35.688Z"}
{"level":"info","message":"MongoDB Connected: ac-b92brq6-shard-00-01.mvwhevv.mongodb.net","timestamp":"2025-06-30T08:01:35.948Z"}
>>>>>>> f5d4291b9b0983afeef90bee474ecede0598eaf2
